<?xml version="1.0" encoding="UTF-8"?>
<coverage generated="1588720626141" clover="3.2.0">
  <project timestamp="1588720626141" name="All files">
    <metrics statements="8" coveredstatements="5" conditionals="6" coveredconditionals="2" methods="1" coveredmethods="1" elements="15" coveredelements="8" complexity="0" loc="8" ncloc="8" packages="1" files="1" classes="1"/>
    <file name="posts.js" path="C:\Users\Mateus\Desktop\Future4\Erika-Skarda\Semana12\4eddit\src\reducers\posts.js">
      <metrics statements="8" coveredstatements="5" conditionals="6" coveredconditionals="2" methods="1" coveredmethods="1"/>
      <line num="1" count="1" type="stmt"/>
      <line num="10" count="1" type="cond" truecount="0" falsecount="1"/>
      <line num="11" count="2" type="cond" truecount="2" falsecount="3"/>
      <line num="13" count="0" type="stmt"/>
      <line num="15" count="1" type="stmt"/>
      <line num="17" count="0" type="stmt"/>
      <line num="19" count="0" type="stmt"/>
      <line num="21" count="1" type="stmt"/>
    </file>
  </project>
</coverage>
