{"C:\\Users\\Mateus\\Desktop\\Future4\\Erika-Skarda\\Semana12\\4eddit\\src\\reducers\\posts.js": {"path":"C:\\Users\\Mateus\\Desktop\\Future4\\Erika-Skarda\\Semana12\\4eddit\\src\\reducers\\posts.js","statementMap":{"0":{"start":{"line":1,"column":21},"end":{"line":7,"column":1}},"1":{"start":{"line":10,"column":14},"end":{"line":25,"column":1}},"2":{"start":{"line":11,"column":4},"end":{"line":22,"column":5}},"3":{"start":{"line":13,"column":12},"end":{"line":13,"column":60}},"4":{"start":{"line":15,"column":12},"end":{"line":15,"column":61}},"5":{"start":{"line":17,"column":12},"end":{"line":17,"column":101}},"6":{"start":{"line":19,"column":12},"end":{"line":19,"column":44}},"7":{"start":{"line":21,"column":12},"end":{"line":21,"column":25}}},"fnMap":{"0":{"name":"(anonymous_0)","decl":{"start":{"line":10,"column":14},"end":{"line":10,"column":15}},"loc":{"start":{"line":10,"column":48},"end":{"line":25,"column":1}},"line":10}},"branchMap":{"0":{"loc":{"start":{"line":10,"column":15},"end":{"line":10,"column":35}},"type":"default-arg","locations":[{"start":{"line":10,"column":23},"end":{"line":10,"column":35}}],"line":10},"1":{"loc":{"start":{"line":11,"column":4},"end":{"line":22,"column":5}},"type":"switch","locations":[{"start":{"line":12,"column":8},"end":{"line":13,"column":60}},{"start":{"line":14,"column":8},"end":{"line":15,"column":61}},{"start":{"line":16,"column":8},"end":{"line":17,"column":101}},{"start":{"line":18,"column":8},"end":{"line":19,"column":44}},{"start":{"line":20,"column":8},"end":{"line":21,"column":25}}],"line":11}},"s":{"0":1,"1":1,"2":2,"3":0,"4":1,"5":0,"6":0,"7":1},"f":{"0":2},"b":{"0":[0],"1":[0,1,0,0,1]},"_coverageSchema":"43e27e138ebf9cfc5966b082cf9a028302ed4184","hash":"4c3aa22b4873f59e271d83c3c2f0fb00988debcd"}
}
