<?xml version="1.0" encoding="UTF-8"?>
<coverage generated="1589151169021" clover="3.2.0">
  <project timestamp="1589151169021" name="All files">
    <metrics statements="58" coveredstatements="30" conditionals="11" coveredconditionals="4" methods="20" coveredmethods="8" elements="89" coveredelements="42" complexity="0" loc="58" ncloc="58" packages="6" files="7" classes="7"/>
    <package name="src">
      <metrics statements="2" coveredstatements="0" conditionals="0" coveredconditionals="0" methods="0" coveredmethods="0"/>
      <file name="index.js" path="C:\Users\Mateus\Desktop\Future4\Erika-Skarda\Semana12\planner-boilerplate\src\index.js">
        <metrics statements="2" coveredstatements="0" conditionals="0" coveredconditionals="0" methods="0" coveredmethods="0"/>
        <line num="5" count="0" type="stmt"/>
        <line num="6" count="0" type="stmt"/>
      </file>
    </package>
    <package name="src.actions">
      <metrics statements="16" coveredstatements="13" conditionals="0" coveredconditionals="0" methods="5" coveredmethods="5"/>
      <file name="tasks.js" path="C:\Users\Mateus\Desktop\Future4\Erika-Skarda\Semana12\planner-boilerplate\src\actions\tasks.js">
        <metrics statements="16" coveredstatements="13" conditionals="0" coveredconditionals="0" methods="5" coveredmethods="5"/>
        <line num="3" count="3" type="stmt"/>
        <line num="4" count="2" type="stmt"/>
        <line num="11" count="3" type="stmt"/>
        <line num="13" count="3" type="stmt"/>
        <line num="14" count="1" type="stmt"/>
        <line num="15" count="1" type="stmt"/>
        <line num="17" count="1" type="stmt"/>
        <line num="18" count="1" type="stmt"/>
        <line num="20" count="0" type="stmt"/>
        <line num="24" count="3" type="stmt"/>
        <line num="25" count="1" type="stmt"/>
        <line num="29" count="1" type="stmt"/>
        <line num="30" count="1" type="stmt"/>
        <line num="32" count="0" type="stmt"/>
        <line num="33" count="0" type="stmt"/>
        <line num="35" count="1" type="stmt"/>
      </file>
    </package>
    <package name="src.containers.App">
      <metrics statements="5" coveredstatements="5" conditionals="2" coveredconditionals="1" methods="2" coveredmethods="2"/>
      <file name="index.js" path="C:\Users\Mateus\Desktop\Future4\Erika-Skarda\Semana12\planner-boilerplate\src\containers\App\index.js">
        <metrics statements="5" coveredstatements="5" conditionals="2" coveredconditionals="1" methods="2" coveredmethods="2"/>
        <line num="10" count="1" type="stmt"/>
        <line num="14" count="1" type="stmt"/>
        <line num="17" count="1" type="stmt"/>
        <line num="19" count="1" type="stmt"/>
        <line num="20" count="1" type="stmt"/>
      </file>
    </package>
    <package name="src.containers.Planner">
      <metrics statements="29" coveredstatements="6" conditionals="6" coveredconditionals="0" methods="12" coveredmethods="0"/>
      <file name="index.js" path="C:\Users\Mateus\Desktop\Future4\Erika-Skarda\Semana12\planner-boilerplate\src\containers\Planner\index.js">
        <metrics statements="29" coveredstatements="6" conditionals="6" coveredconditionals="0" methods="12" coveredmethods="0"/>
        <line num="10" count="2" type="stmt"/>
        <line num="12" count="2" type="stmt"/>
        <line num="14" count="2" type="stmt"/>
        <line num="17" count="2" type="stmt"/>
        <line num="37" count="0" type="stmt"/>
        <line num="38" count="0" type="stmt"/>
        <line num="46" count="0" type="stmt"/>
        <line num="48" count="0" type="stmt"/>
        <line num="49" count="0" type="cond" truecount="0" falsecount="2"/>
        <line num="50" count="0" type="stmt"/>
        <line num="51" count="0" type="stmt"/>
        <line num="52" count="0" type="stmt"/>
        <line num="56" count="0" type="stmt"/>
        <line num="57" count="0" type="stmt"/>
        <line num="58" count="0" type="stmt"/>
        <line num="59" count="0" type="stmt"/>
        <line num="62" count="0" type="stmt"/>
        <line num="63" count="0" type="stmt"/>
        <line num="67" count="0" type="stmt"/>
        <line num="68" count="0" type="stmt"/>
        <line num="79" count="0" type="stmt"/>
        <line num="89" count="0" type="stmt"/>
        <line num="101" count="0" type="stmt"/>
        <line num="115" count="0" type="stmt"/>
        <line num="129" count="0" type="cond" truecount="0" falsecount="2"/>
        <line num="130" count="0" type="stmt"/>
        <line num="147" count="2" type="stmt"/>
        <line num="151" count="2" type="stmt"/>
        <line num="152" count="0" type="stmt"/>
      </file>
    </package>
    <package name="src.reducers">
      <metrics statements="6" coveredstatements="6" conditionals="3" coveredconditionals="3" methods="1" coveredmethods="1"/>
      <file name="index.js" path="C:\Users\Mateus\Desktop\Future4\Erika-Skarda\Semana12\planner-boilerplate\src\reducers\index.js">
        <metrics statements="1" coveredstatements="1" conditionals="0" coveredconditionals="0" methods="0" coveredmethods="0"/>
        <line num="4" count="1" type="stmt"/>
      </file>
      <file name="tasks.js" path="C:\Users\Mateus\Desktop\Future4\Erika-Skarda\Semana12\planner-boilerplate\src\reducers\tasks.js">
        <metrics statements="5" coveredstatements="5" conditionals="3" coveredconditionals="3" methods="1" coveredmethods="1"/>
        <line num="1" count="2" type="stmt"/>
        <line num="3" count="2" type="cond" truecount="1" falsecount="0"/>
        <line num="4" count="5" type="cond" truecount="2" falsecount="0"/>
        <line num="6" count="1" type="stmt"/>
        <line num="8" count="4" type="stmt"/>
      </file>
    </package>
    <package name="src.style">
      <metrics statements="0" coveredstatements="0" conditionals="0" coveredconditionals="0" methods="0" coveredmethods="0"/>
      <file name="theme.js" path="C:\Users\Mateus\Desktop\Future4\Erika-Skarda\Semana12\planner-boilerplate\src\style\theme.js">
        <metrics statements="0" coveredstatements="0" conditionals="0" coveredconditionals="0" methods="0" coveredmethods="0"/>
      </file>
    </package>
  </project>
</coverage>
