{"C:\\Users\\Mateus\\Desktop\\Future4\\Erika-Skarda\\Semana12\\planner-boilerplate\\src\\index.js": {"path":"C:\\Users\\Mateus\\Desktop\\Future4\\Erika-Skarda\\Semana12\\planner-boilerplate\\src\\index.js","statementMap":{"0":{"start":{"line":5,"column":20},"end":{"line":5,"column":51}},"1":{"start":{"line":6,"column":0},"end":{"line":6,"column":38}}},"fnMap":{},"branchMap":{},"s":{"0":0,"1":0},"f":{},"b":{},"hash":"f2ee19836082ee2151dbe51ea4b75f5c8868e794"}
,"C:\\Users\\Mateus\\Desktop\\Future4\\Erika-Skarda\\Semana12\\planner-boilerplate\\src\\actions\\tasks.js": {"path":"C:\\Users\\Mateus\\Desktop\\Future4\\Erika-Skarda\\Semana12\\planner-boilerplate\\src\\actions\\tasks.js","statementMap":{"0":{"start":{"line":3,"column":24},"end":{"line":10,"column":1}},"1":{"start":{"line":4,"column":4},"end":{"line":9,"column":5}},"2":{"start":{"line":11,"column":16},"end":{"line":11,"column":93}},"3":{"start":{"line":13,"column":23},"end":{"line":22,"column":1}},"4":{"start":{"line":13,"column":29},"end":{"line":22,"column":1}},"5":{"start":{"line":14,"column":4},"end":{"line":21,"column":5}},"6":{"start":{"line":15,"column":29},"end":{"line":16,"column":9}},"7":{"start":{"line":17,"column":8},"end":{"line":17,"column":41}},"8":{"start":{"line":18,"column":8},"end":{"line":18,"column":34}},"9":{"start":{"line":20,"column":8},"end":{"line":20,"column":27}},"10":{"start":{"line":24,"column":26},"end":{"line":37,"column":1}},"11":{"start":{"line":24,"column":41},"end":{"line":37,"column":1}},"12":{"start":{"line":25,"column":22},"end":{"line":28,"column":5}},"13":{"start":{"line":29,"column":4},"end":{"line":36,"column":5}},"14":{"start":{"line":30,"column":25},"end":{"line":31,"column":9}},"15":{"start":{"line":32,"column":8},"end":{"line":32,"column":28}},"16":{"start":{"line":33,"column":8},"end":{"line":33,"column":25}},"17":{"start":{"line":35,"column":8},"end":{"line":35,"column":41}}},"fnMap":{"0":{"name":"(anonymous_0)","decl":{"start":{"line":3,"column":24},"end":{"line":3,"column":25}},"loc":{"start":{"line":3,"column":35},"end":{"line":10,"column":1}},"line":3},"1":{"name":"(anonymous_1)","decl":{"start":{"line":13,"column":23},"end":{"line":13,"column":24}},"loc":{"start":{"line":13,"column":29},"end":{"line":22,"column":1}},"line":13},"2":{"name":"(anonymous_2)","decl":{"start":{"line":13,"column":29},"end":{"line":13,"column":30}},"loc":{"start":{"line":13,"column":59},"end":{"line":22,"column":1}},"line":13},"3":{"name":"(anonymous_3)","decl":{"start":{"line":24,"column":26},"end":{"line":24,"column":27}},"loc":{"start":{"line":24,"column":41},"end":{"line":37,"column":1}},"line":24},"4":{"name":"(anonymous_4)","decl":{"start":{"line":24,"column":41},"end":{"line":24,"column":42}},"loc":{"start":{"line":24,"column":70},"end":{"line":37,"column":1}},"line":24}},"branchMap":{},"s":{"0":3,"1":2,"2":3,"3":3,"4":1,"5":1,"6":1,"7":1,"8":1,"9":0,"10":3,"11":1,"12":1,"13":1,"14":1,"15":0,"16":0,"17":1},"f":{"0":2,"1":1,"2":1,"3":1,"4":1},"b":{},"_coverageSchema":"43e27e138ebf9cfc5966b082cf9a028302ed4184","hash":"4232bca06fdd866b1f771f2aa03409ff1b52013c"}
,"C:\\Users\\Mateus\\Desktop\\Future4\\Erika-Skarda\\Semana12\\planner-boilerplate\\src\\containers\\App\\index.js": {"path":"C:\\Users\\Mateus\\Desktop\\Future4\\Erika-Skarda\\Semana12\\planner-boilerplate\\src\\containers\\App\\index.js","statementMap":{"0":{"start":{"line":10,"column":20},"end":{"line":15,"column":1}},"1":{"start":{"line":14,"column":11},"end":{"line":14,"column":12}},"2":{"start":{"line":17,"column":14},"end":{"line":17,"column":63}},"3":{"start":{"line":19,"column":19},"end":{"line":26,"column":1}},"4":{"start":{"line":20,"column":2},"end":{"line":25,"column":13}}},"fnMap":{"0":{"name":"(anonymous_0)","decl":{"start":{"line":14,"column":6},"end":{"line":14,"column":7}},"loc":{"start":{"line":14,"column":11},"end":{"line":14,"column":12}},"line":14},"1":{"name":"(anonymous_1)","decl":{"start":{"line":19,"column":19},"end":{"line":19,"column":20}},"loc":{"start":{"line":20,"column":2},"end":{"line":25,"column":13}},"line":20}},"branchMap":{"0":{"loc":{"start":{"line":12,"column":2},"end":{"line":14,"column":12}},"type":"cond-expr","locations":[{"start":{"line":13,"column":6},"end":{"line":13,"column":43}},{"start":{"line":14,"column":6},"end":{"line":14,"column":12}}],"line":12}},"s":{"0":1,"1":1,"2":1,"3":1,"4":1},"f":{"0":1,"1":1},"b":{"0":[0,1]},"_coverageSchema":"43e27e138ebf9cfc5966b082cf9a028302ed4184","hash":"78b38431c6ece7a76e4d31d2d0166bb27d7b2bae"}
,"C:\\Users\\Mateus\\Desktop\\Future4\\Erika-Skarda\\Semana12\\planner-boilerplate\\src\\containers\\Planner\\index.js": {"path":"C:\\Users\\Mateus\\Desktop\\Future4\\Erika-Skarda\\Semana12\\planner-boilerplate\\src\\containers\\Planner\\index.js","statementMap":{"0":{"start":{"line":10,"column":13},"end":{"line":11,"column":1}},"1":{"start":{"line":12,"column":17},"end":{"line":13,"column":1}},"2":{"start":{"line":14,"column":15},"end":{"line":15,"column":1}},"3":{"start":{"line":17,"column":16},"end":{"line":34,"column":1}},"4":{"start":{"line":37,"column":4},"end":{"line":37,"column":16}},"5":{"start":{"line":38,"column":4},"end":{"line":43,"column":5}},"6":{"start":{"line":46,"column":2},"end":{"line":46,"column":22}},"7":{"start":{"line":48,"column":19},"end":{"line":54,"column":1}},"8":{"start":{"line":49,"column":2},"end":{"line":53,"column":3}},"9":{"start":{"line":50,"column":4},"end":{"line":50,"column":26}},"10":{"start":{"line":51,"column":4},"end":{"line":51,"column":63}},"11":{"start":{"line":52,"column":4},"end":{"line":52,"column":37}},"12":{"start":{"line":56,"column":21},"end":{"line":60,"column":1}},"13":{"start":{"line":57,"column":2},"end":{"line":57,"column":20}},"14":{"start":{"line":58,"column":2},"end":{"line":58,"column":61}},"15":{"start":{"line":59,"column":2},"end":{"line":59,"column":35}},"16":{"start":{"line":62,"column":23},"end":{"line":64,"column":1}},"17":{"start":{"line":63,"column":2},"end":{"line":63,"column":39}},"18":{"start":{"line":67,"column":4},"end":{"line":67,"column":35}},"19":{"start":{"line":68,"column":17},"end":{"line":77,"column":5}},"20":{"start":{"line":79,"column":4},"end":{"line":144,"column":5}},"21":{"start":{"line":89,"column":29},"end":{"line":89,"column":70}},"22":{"start":{"line":101,"column":16},"end":{"line":105,"column":17}},"23":{"start":{"line":115,"column":12},"end":{"line":137,"column":14}},"24":{"start":{"line":129,"column":19},"end":{"line":134,"column":21}},"25":{"start":{"line":130,"column":21},"end":{"line":133,"column":30}},"26":{"start":{"line":147,"column":24},"end":{"line":149,"column":2}},"27":{"start":{"line":147,"column":34},"end":{"line":149,"column":1}},"28":{"start":{"line":151,"column":27},"end":{"line":152,"column":43}},"29":{"start":{"line":152,"column":2},"end":{"line":152,"column":43}}},"fnMap":{"0":{"name":"(anonymous_0)","decl":{"start":{"line":36,"column":2},"end":{"line":36,"column":3}},"loc":{"start":{"line":36,"column":21},"end":{"line":44,"column":3}},"line":36},"1":{"name":"(anonymous_1)","decl":{"start":{"line":45,"column":0},"end":{"line":45,"column":1}},"loc":{"start":{"line":45,"column":20},"end":{"line":47,"column":1}},"line":45},"2":{"name":"(anonymous_2)","decl":{"start":{"line":48,"column":19},"end":{"line":48,"column":20}},"loc":{"start":{"line":48,"column":28},"end":{"line":54,"column":1}},"line":48},"3":{"name":"(anonymous_3)","decl":{"start":{"line":56,"column":21},"end":{"line":56,"column":22}},"loc":{"start":{"line":56,"column":26},"end":{"line":60,"column":1}},"line":56},"4":{"name":"(anonymous_4)","decl":{"start":{"line":62,"column":23},"end":{"line":62,"column":24}},"loc":{"start":{"line":62,"column":28},"end":{"line":64,"column":1}},"line":62},"5":{"name":"(anonymous_5)","decl":{"start":{"line":66,"column":2},"end":{"line":66,"column":3}},"loc":{"start":{"line":66,"column":11},"end":{"line":145,"column":3}},"line":66},"6":{"name":"(anonymous_6)","decl":{"start":{"line":89,"column":22},"end":{"line":89,"column":23}},"loc":{"start":{"line":89,"column":29},"end":{"line":89,"column":70}},"line":89},"7":{"name":"(anonymous_7)","decl":{"start":{"line":100,"column":22},"end":{"line":100,"column":23}},"loc":{"start":{"line":100,"column":29},"end":{"line":106,"column":13}},"line":100},"8":{"name":"(anonymous_8)","decl":{"start":{"line":114,"column":20},"end":{"line":114,"column":21}},"loc":{"start":{"line":114,"column":29},"end":{"line":138,"column":11}},"line":114},"9":{"name":"(anonymous_9)","decl":{"start":{"line":128,"column":40},"end":{"line":128,"column":41}},"loc":{"start":{"line":128,"column":50},"end":{"line":135,"column":19}},"line":128},"10":{"name":"(anonymous_10)","decl":{"start":{"line":147,"column":24},"end":{"line":147,"column":25}},"loc":{"start":{"line":147,"column":34},"end":{"line":149,"column":1}},"line":147},"11":{"name":"(anonymous_11)","decl":{"start":{"line":151,"column":27},"end":{"line":151,"column":28}},"loc":{"start":{"line":152,"column":2},"end":{"line":152,"column":43}},"line":152}},"branchMap":{"0":{"loc":{"start":{"line":49,"column":2},"end":{"line":53,"column":3}},"type":"if","locations":[{"start":{"line":49,"column":2},"end":{"line":53,"column":3}},{"start":{"line":49,"column":2},"end":{"line":53,"column":3}}],"line":49},"1":{"loc":{"start":{"line":127,"column":17},"end":{"line":135,"column":20}},"type":"binary-expr","locations":[{"start":{"line":127,"column":17},"end":{"line":127,"column":35}},{"start":{"line":128,"column":17},"end":{"line":135,"column":20}}],"line":127},"2":{"loc":{"start":{"line":129,"column":19},"end":{"line":134,"column":21}},"type":"if","locations":[{"start":{"line":129,"column":19},"end":{"line":134,"column":21}},{"start":{"line":129,"column":19},"end":{"line":134,"column":21}}],"line":129}},"s":{"0":2,"1":2,"2":2,"3":2,"4":0,"5":0,"6":0,"7":0,"8":0,"9":0,"10":0,"11":0,"12":0,"13":0,"14":0,"15":0,"16":0,"17":0,"18":0,"19":0,"20":0,"21":0,"22":0,"23":0,"24":0,"25":0,"26":2,"27":0,"28":2,"29":0},"f":{"0":0,"1":0,"2":0,"3":0,"4":0,"5":0,"6":0,"7":0,"8":0,"9":0,"10":0,"11":0},"b":{"0":[0,0],"1":[0,0],"2":[0,0]},"_coverageSchema":"43e27e138ebf9cfc5966b082cf9a028302ed4184","hash":"4beb9e5aa21b6933598bce029ca7d9a299ef35ee"}
,"C:\\Users\\Mateus\\Desktop\\Future4\\Erika-Skarda\\Semana12\\planner-boilerplate\\src\\reducers\\index.js": {"path":"C:\\Users\\Mateus\\Desktop\\Future4\\Erika-Skarda\\Semana12\\planner-boilerplate\\src\\reducers\\index.js","statementMap":{"0":{"start":{"line":4,"column":27},"end":{"line":6,"column":2}}},"fnMap":{},"branchMap":{},"s":{"0":1},"f":{},"b":{},"_coverageSchema":"43e27e138ebf9cfc5966b082cf9a028302ed4184","hash":"c45b568d15d08b796e546953c00ee759ef03c0c5"}
,"C:\\Users\\Mateus\\Desktop\\Future4\\Erika-Skarda\\Semana12\\planner-boilerplate\\src\\reducers\\tasks.js": {"path":"C:\\Users\\Mateus\\Desktop\\Future4\\Erika-Skarda\\Semana12\\planner-boilerplate\\src\\reducers\\tasks.js","statementMap":{"0":{"start":{"line":1,"column":21},"end":{"line":1,"column":23}},"1":{"start":{"line":3,"column":27},"end":{"line":10,"column":1}},"2":{"start":{"line":4,"column":4},"end":{"line":9,"column":5}},"3":{"start":{"line":6,"column":6},"end":{"line":6,"column":34}},"4":{"start":{"line":8,"column":6},"end":{"line":8,"column":18}}},"fnMap":{"0":{"name":"(anonymous_0)","decl":{"start":{"line":3,"column":27},"end":{"line":3,"column":28}},"loc":{"start":{"line":3,"column":61},"end":{"line":10,"column":1}},"line":3}},"branchMap":{"0":{"loc":{"start":{"line":3,"column":28},"end":{"line":3,"column":48}},"type":"default-arg","locations":[{"start":{"line":3,"column":36},"end":{"line":3,"column":48}}],"line":3},"1":{"loc":{"start":{"line":4,"column":4},"end":{"line":9,"column":5}},"type":"switch","locations":[{"start":{"line":5,"column":5},"end":{"line":6,"column":34}},{"start":{"line":7,"column":5},"end":{"line":8,"column":18}}],"line":4}},"s":{"0":2,"1":2,"2":5,"3":1,"4":4},"f":{"0":5},"b":{"0":[4],"1":[1,4]},"_coverageSchema":"43e27e138ebf9cfc5966b082cf9a028302ed4184","hash":"d257f14d1a2c031b9dd7f9a64825a03b7f199a33"}
,"C:\\Users\\Mateus\\Desktop\\Future4\\Erika-Skarda\\Semana12\\planner-boilerplate\\src\\style\\theme.js": {"path":"C:\\Users\\Mateus\\Desktop\\Future4\\Erika-Skarda\\Semana12\\planner-boilerplate\\src\\style\\theme.js","statementMap":{},"fnMap":{},"branchMap":{},"s":{},"f":{},"b":{},"_coverageSchema":"43e27e138ebf9cfc5966b082cf9a028302ed4184","hash":"e1ccfcee127ca73a14aad2f9030b2d2ba0ab862d"}
}
