TN:
SF:C:\Users\Mateus\Desktop\Future4\Erika-Skarda\Semana12\planner-boilerplate\src\index.js
FNF:0
FNH:0
DA:5,0
DA:6,0
LF:2
LH:0
BRF:0
BRH:0
end_of_record
TN:
SF:C:\Users\Mateus\Desktop\Future4\Erika-Skarda\Semana12\planner-boilerplate\src\actions\tasks.js
FN:3,(anonymous_0)
FN:13,(anonymous_1)
FN:13,(anonymous_2)
FN:24,(anonymous_3)
FN:24,(anonymous_4)
FNF:5
FNH:5
FNDA:2,(anonymous_0)
FNDA:1,(anonymous_1)
FNDA:1,(anonymous_2)
FNDA:1,(anonymous_3)
FNDA:1,(anonymous_4)
DA:3,3
DA:4,2
DA:11,3
DA:13,3
DA:14,1
DA:15,1
DA:17,1
DA:18,1
DA:20,0
DA:24,3
DA:25,1
DA:29,1
DA:30,1
DA:32,0
DA:33,0
DA:35,1
LF:16
LH:13
BRF:0
BRH:0
end_of_record
TN:
SF:C:\Users\Mateus\Desktop\Future4\Erika-Skarda\Semana12\planner-boilerplate\src\containers\App\index.js
FN:14,(anonymous_0)
FN:19,(anonymous_1)
FNF:2
FNH:2
FNDA:1,(anonymous_0)
FNDA:1,(anonymous_1)
DA:10,1
DA:14,1
DA:17,1
DA:19,1
DA:20,1
LF:5
LH:5
BRDA:12,0,0,0
BRDA:12,0,1,1
BRF:2
BRH:1
end_of_record
TN:
SF:C:\Users\Mateus\Desktop\Future4\Erika-Skarda\Semana12\planner-boilerplate\src\containers\Planner\index.js
FN:36,(anonymous_0)
FN:45,(anonymous_1)
FN:48,(anonymous_2)
FN:56,(anonymous_3)
FN:62,(anonymous_4)
FN:66,(anonymous_5)
FN:89,(anonymous_6)
FN:100,(anonymous_7)
FN:114,(anonymous_8)
FN:128,(anonymous_9)
FN:147,(anonymous_10)
FN:151,(anonymous_11)
FNF:12
FNH:0
FNDA:0,(anonymous_0)
FNDA:0,(anonymous_1)
FNDA:0,(anonymous_2)
FNDA:0,(anonymous_3)
FNDA:0,(anonymous_4)
FNDA:0,(anonymous_5)
FNDA:0,(anonymous_6)
FNDA:0,(anonymous_7)
FNDA:0,(anonymous_8)
FNDA:0,(anonymous_9)
FNDA:0,(anonymous_10)
FNDA:0,(anonymous_11)
DA:10,2
DA:12,2
DA:14,2
DA:17,2
DA:37,0
DA:38,0
DA:46,0
DA:48,0
DA:49,0
DA:50,0
DA:51,0
DA:52,0
DA:56,0
DA:57,0
DA:58,0
DA:59,0
DA:62,0
DA:63,0
DA:67,0
DA:68,0
DA:79,0
DA:89,0
DA:101,0
DA:115,0
DA:129,0
DA:130,0
DA:147,2
DA:151,2
DA:152,0
LF:29
LH:6
BRDA:49,0,0,0
BRDA:49,0,1,0
BRDA:127,1,0,0
BRDA:127,1,1,0
BRDA:129,2,0,0
BRDA:129,2,1,0
BRF:6
BRH:0
end_of_record
TN:
SF:C:\Users\Mateus\Desktop\Future4\Erika-Skarda\Semana12\planner-boilerplate\src\reducers\index.js
FNF:0
FNH:0
DA:4,1
LF:1
LH:1
BRF:0
BRH:0
end_of_record
TN:
SF:C:\Users\Mateus\Desktop\Future4\Erika-Skarda\Semana12\planner-boilerplate\src\reducers\tasks.js
FN:3,(anonymous_0)
FNF:1
FNH:1
FNDA:5,(anonymous_0)
DA:1,2
DA:3,2
DA:4,5
DA:6,1
DA:8,4
LF:5
LH:5
BRDA:3,0,0,4
BRDA:4,1,0,1
BRDA:4,1,1,4
BRF:3
BRH:3
end_of_record
TN:
SF:C:\Users\Mateus\Desktop\Future4\Erika-Skarda\Semana12\planner-boilerplate\src\style\theme.js
FNF:0
FNH:0
LF:0
LH:0
BRF:0
BRH:0
end_of_record
